<?xml version="1.0" encoding="UTF-8" ?>
<testsuite tests="7" failures="0" name="edu.yu.cs.com1320.project.Impl.StackImplTest" time="0" errors="0" skipped="0">
  <properties>
[...]
</properties>
  <testcase classname="edu.yu.cs.com1320.project.Impl.StackImplTest" name="pop" time="0"/>
  <testcase classname="edu.yu.cs.com1320.project.Impl.StackImplTest" name="peek" time="0"/>
  <testcase classname="edu.yu.cs.com1320.project.Impl.StackImplTest" name="push" time="0"/>
  <testcase classname="edu.yu.cs.com1320.project.Impl.StackImplTest" name="size" time="0"/>
  <testcase classname="edu.yu.cs.com1320.project.Impl.StackImplTest" name="sizeEmpty" time="0"/>
  <testcase classname="edu.yu.cs.com1320.project.Impl.StackImplTest" name="popEmpty" time="0"/>
  <testcase classname="edu.yu.cs.com1320.project.Impl.StackImplTest" name="peekEmpty" time="0"/>
</testsuite>