<?xml version="1.0" encoding="UTF-8" ?>
<testsuite tests="14" failures="1" name="edu.yu.cs.com1320.project.DocumentStoreImplTest" time="2.458" errors="0" skipped="0">
  <properties>
[...]
</properties>
  <testcase classname="edu.yu.cs.com1320.project.DocumentStoreImplTest" name="setDefaultCompressionFormat" time="0.137">
    <failure message="expected:&lt;GZIP&gt; but was:&lt;ZIP&gt;" type="java.lang.AssertionError">java.lang.AssertionError: expected:&lt;GZIP&gt; but was:&lt;ZIP&gt;
	at org.junit.Assert.fail(Assert.java:89)
	at org.junit.Assert.failNotEquals(Assert.java:835)
	at org.junit.Assert.assertEquals(Assert.java:120)
	at org.junit.Assert.assertEquals(Assert.java:146)
	at edu.yu.cs.com1320.project.DocumentStoreImplTest.setDefaultCompressionFormat(DocumentStoreImplTest.java:20)
	at sun.reflect.NativeMethodAccessorImpl.invoke0(Native Method)
	at sun.reflect.NativeMethodAccessorImpl.invoke(NativeMethodAccessorImpl.java:62)
	at sun.reflect.DelegatingMethodAccessorImpl.invoke(DelegatingMethodAccessorImpl.java:43)
	at java.lang.reflect.Method.invoke(Method.java:498)
	at org.junit.runners.model.FrameworkMethod$1.runReflectiveCall(FrameworkMethod.java:59)
	at org.junit.internal.runners.model.ReflectiveCallable.run(ReflectiveCallable.java:12)
	at org.junit.runners.model.FrameworkMethod.invokeExplosively(FrameworkMethod.java:56)
	at org.junit.internal.runners.statements.InvokeMethod.evaluate(InvokeMethod.java:17)
	at org.junit.runners.ParentRunner$3.evaluate(ParentRunner.java:305)
	at org.junit.runners.BlockJUnit4ClassRunner$1.evaluate(BlockJUnit4ClassRunner.java:100)
	at org.junit.runners.ParentRunner.runLeaf(ParentRunner.java:365)
	at org.junit.runners.BlockJUnit4ClassRunner.runChild(BlockJUnit4ClassRunner.java:103)
	at org.junit.runners.BlockJUnit4ClassRunner.runChild(BlockJUnit4ClassRunner.java:63)
	at org.junit.runners.ParentRunner$4.run(ParentRunner.java:330)
	at org.junit.runners.ParentRunner$1.schedule(ParentRunner.java:78)
	at org.junit.runners.ParentRunner.runChildren(ParentRunner.java:328)
	at org.junit.runners.ParentRunner.access$100(ParentRunner.java:65)
	at org.junit.runners.ParentRunner$2.evaluate(ParentRunner.java:292)
	at org.junit.runners.ParentRunner$3.evaluate(ParentRunner.java:305)
	at org.junit.runners.ParentRunner.run(ParentRunner.java:412)
	at org.apache.maven.surefire.junit4.JUnit4Provider.execute(JUnit4Provider.java:252)
	at org.apache.maven.surefire.junit4.JUnit4Provider.executeTestSet(JUnit4Provider.java:141)
	at org.apache.maven.surefire.junit4.JUnit4Provider.invoke(JUnit4Provider.java:112)
	at sun.reflect.NativeMethodAccessorImpl.invoke0(Native Method)
	at sun.reflect.NativeMethodAccessorImpl.invoke(NativeMethodAccessorImpl.java:62)
	at sun.reflect.DelegatingMethodAccessorImpl.invoke(DelegatingMethodAccessorImpl.java:43)
	at java.lang.reflect.Method.invoke(Method.java:498)
	at org.apache.maven.surefire.util.ReflectionUtils.invokeMethodWithArray(ReflectionUtils.java:189)
	at org.apache.maven.surefire.booter.ProviderFactory$ProviderProxy.invoke(ProviderFactory.java:165)
	at org.apache.maven.surefire.booter.ProviderFactory.invokeProvider(ProviderFactory.java:85)
	at org.apache.maven.surefire.booter.ForkedBooter.runSuitesInProcess(ForkedBooter.java:115)
	at org.apache.maven.surefire.booter.ForkedBooter.main(ForkedBooter.java:75)
</failure>
  </testcase>
  <testcase classname="edu.yu.cs.com1320.project.DocumentStoreImplTest" name="putManyDocsGZIP" time="0.133"/>
  <testcase classname="edu.yu.cs.com1320.project.DocumentStoreImplTest" name="putManyDoc7z" time="1.021"/>
  <testcase classname="edu.yu.cs.com1320.project.DocumentStoreImplTest" name="putGetJar" time="0.229"/>
  <testcase classname="edu.yu.cs.com1320.project.DocumentStoreImplTest" name="putGetZip" time="0"/>
  <testcase classname="edu.yu.cs.com1320.project.DocumentStoreImplTest" name="putAndOverwriteADoc" time="0.547"/>
  <testcase classname="edu.yu.cs.com1320.project.DocumentStoreImplTest" name="putManyDocsDifferentCompressionFormats" time="0"/>
  <testcase classname="edu.yu.cs.com1320.project.DocumentStoreImplTest" name="actuallyCompressed7z" time="0.15"/>
  <testcase classname="edu.yu.cs.com1320.project.DocumentStoreImplTest" name="putDocumentAndGetUncompressedString" time="0.004"/>
  <testcase classname="edu.yu.cs.com1320.project.DocumentStoreImplTest" name="putGetBZIP" time="0.045"/>
  <testcase classname="edu.yu.cs.com1320.project.DocumentStoreImplTest" name="putGetGZIP" time="0"/>
  <testcase classname="edu.yu.cs.com1320.project.DocumentStoreImplTest" name="putDocumentDefaultCompression" time="0"/>
  <testcase classname="edu.yu.cs.com1320.project.DocumentStoreImplTest" name="putReturnsHashCodeOfUncompressedInput" time="0"/>
  <testcase classname="edu.yu.cs.com1320.project.DocumentStoreImplTest" name="putGet7Z" time="0.192"/>
</testsuite>